#
# There is insufficient memory for the Java Runtime Environment to continue.
# Native memory allocation (mmap) failed to map 134217728 bytes for Failed to commit area from 0x0000000081c00000 to 0x0000000089c00000 of length 134217728.
# Possible reasons:
#   The system is out of physical RAM or swap space
#   The process is running with CompressedOops enabled, and the Java Heap may be blocking the growth of the native heap
# Possible solutions:
#   Reduce memory load on the system
#   Increase physical memory or swap space
#   Check if swap backing store is full
#   Decrease Java heap size (-Xmx/-Xms)
#   Decrease number of Java threads
#   Decrease Java thread stack sizes (-Xss)
#   Set larger code cache with -XX:ReservedCodeCacheSize=
# This output file may be truncated or incomplete.
#
#  Out of Memory Error (t:/workspace/open/src/hotspot/os/windows/os_windows.cpp:3301), pid=12920, tid=17028
#
# JRE version:  (13.0.2+8) (build )
# Java VM: Java HotSpot(TM) 64-Bit Server VM (13.0.2+8, mixed mode, aot, sharing, tiered, compressed oops, g1 gc, windows-amd64)
# No core dump will be written. Minidumps are not enabled by default on client versions of Windows
#

---------------  S U M M A R Y ------------

Command Line: -Dfile.encoding=Cp1250 swing.ThreeButtonFrame

Host: Intel(R) Core(TM) i5-2520M CPU @ 2.50GHz, 4 cores, 7G,  Windows 10 , 64 bit Build 17763 (10.0.17763.1158)
Time: Thu May  7 12:32:21 2020 ?rodkowoeuropejski czas letni elapsed time: 0 seconds (0d 0h 0m 0s)

---------------  T H R E A D  ---------------

Current thread (0x0000016513dee000):  JavaThread "Unknown thread" [_thread_in_vm, id=17028, stack(0x00000008acb00000,0x00000008acc00000)]

Stack: [0x00000008acb00000,0x00000008acc00000]
Native frames: (J=compiled Java code, j=interpreted, Vv=VM code, C=native code)
V  [jvm.dll+0x624f9a]
V  [jvm.dll+0x770cfa]
V  [jvm.dll+0x7724af]
V  [jvm.dll+0x772ab3]
V  [jvm.dll+0x24bf08]
V  [jvm.dll+0x6222aa]
V  [jvm.dll+0x6170b5]
V  [jvm.dll+0x30a88c]
V  [jvm.dll+0x30a6c2]
V  [jvm.dll+0x30fe36]
V  [jvm.dll+0x353f46]
V  [jvm.dll+0x353720]
V  [jvm.dll+0x2e550a]
V  [jvm.dll+0x2e67a2]
V  [jvm.dll+0x74dd78]
V  [jvm.dll+0x361989]
V  [jvm.dll+0x730e65]
V  [jvm.dll+0x3cc53f]
V  [jvm.dll+0x3ce861]
C  [jli.dll+0x51ff]
C  [ucrtbase.dll+0x21ffa]
C  [KERNEL32.DLL+0x17974]
C  [ntdll.dll+0x6a271]


---------------  P R O C E S S  ---------------

Threads class SMR info:
_java_thread_list=0x00007ffda078ccb8, length=0, elements={
}

Java Threads: ( => current thread )

Other Threads:
  0x0000016513e63800 GCTaskThread "GC Thread#0" [stack: 0x00000008acc00000,0x00000008acd00000] [id=19892]
  0x0000016513e75800 ConcurrentGCThread "G1 Main Marker" [stack: 0x00000008acd00000,0x00000008ace00000] [id=4932]
  0x0000016513e77000 ConcurrentGCThread "G1 Conc#0" [stack: 0x00000008ace00000,0x00000008acf00000] [id=16604]

[error occurred during error reporting (printing all threads), id 0xc0000005, EXCEPTION_ACCESS_VIOLATION (0xc0000005) at pc=0x00007ffd9ffc51d7]

VM state:not at safepoint (not fully initialized)

VM Mutex/Monitor currently owned by a thread:  ([mutex/lock_event])
[0x0000016513dea690] Heap_lock - owner thread: 0x0000016513dee000

Heap address: 0x0000000081c00000, size: 2020 MB, Compressed Oops mode: Non-zero based: 0x0000000081c00000
Narrow klass base: 0x0000000000000000, Narrow klass shift: 0

GC Heap History (0 events):
No events

Deoptimization events (0 events):
No events

Classes unloaded (0 events):
No events

Classes redefined (0 events):
No events

Internal exceptions (0 events):
No events

Events (8 events):
Event: 0.006 Loaded shared library D:\Java\jdk-13.0.2\bin\zip.dll
Event: 0.006 Loaded shared library D:\Java\jdk-13.0.2\bin\jimage.dll
Event: 0.008 Loading shared library D:\Java\jdk-13.0.2\lib\libjava.base-coop.dll failed, error code 126
Event: 0.008 Loading shared library D:\Java\jdk-13.0.2\lib\libjava.logging-coop.dll failed, error code 126
Event: 0.008 Loading shared library D:\Java\jdk-13.0.2\lib\libjdk.compiler-coop.dll failed, error code 126
Event: 0.008 Loading shared library D:\Java\jdk-13.0.2\lib\libjdk.scripting.nashorn-coop.dll failed, error code 126
Event: 0.008 Loading shared library D:\Java\jdk-13.0.2\lib\libjdk.internal.vm.ci-coop.dll failed, error code 126
Event: 0.008 Loading shared library D:\Java\jdk-13.0.2\lib\libjdk.internal.vm.compiler-coop.dll failed, error code 126


Dynamic libraries:
0x00007ff641490000 - 0x00007ff64149f000 	D:\Java\jdk-13.0.2\bin\javaw.exe
0x00007ffdf7240000 - 0x00007ffdf742d000 	C:\Windows\SYSTEM32\ntdll.dll
0x00007ffdf64d0000 - 0x00007ffdf6583000 	C:\Windows\System32\KERNEL32.DLL
0x00007ffdf3c90000 - 0x00007ffdf3f25000 	C:\Windows\System32\KERNELBASE.dll
0x00007ffdf3f50000 - 0x00007ffdf404a000 	C:\Windows\System32\ucrtbase.dll
0x00007ffdd21c0000 - 0x00007ffdd21d5000 	D:\Java\jdk-13.0.2\bin\VCRUNTIME140.dll
0x00007ffdebea0000 - 0x00007ffdebeb8000 	D:\Java\jdk-13.0.2\bin\jli.dll
0x00007ffdf6e80000 - 0x00007ffdf6f23000 	C:\Windows\System32\ADVAPI32.dll
0x00007ffdf61a0000 - 0x00007ffdf623e000 	C:\Windows\System32\msvcrt.dll
0x00007ffdf4b30000 - 0x00007ffdf4bce000 	C:\Windows\System32\sechost.dll
0x00007ffdf6990000 - 0x00007ffdf6ab2000 	C:\Windows\System32\RPCRT4.dll
0x00007ffdf6780000 - 0x00007ffdf6917000 	C:\Windows\System32\USER32.dll
0x00007ffdf3f30000 - 0x00007ffdf3f50000 	C:\Windows\System32\win32u.dll
0x00007ffdf6670000 - 0x00007ffdf6699000 	C:\Windows\System32\GDI32.dll
0x00007ffdf40e0000 - 0x00007ffdf4279000 	C:\Windows\System32\gdi32full.dll
0x00007ffde6800000 - 0x00007ffde6a79000 	C:\Windows\WinSxS\amd64_microsoft.windows.common-controls_6595b64144ccf1df_6.0.17763.1158_none_de722d88534a897f\COMCTL32.dll
0x00007ffdf3a70000 - 0x00007ffdf3b10000 	C:\Windows\System32\msvcp_win.dll
0x00007ffdf6ac0000 - 0x00007ffdf6dec000 	C:\Windows\System32\combase.dll
0x00007ffdf3b10000 - 0x00007ffdf3b8e000 	C:\Windows\System32\bcryptPrimitives.dll
0x00007ffde53f0000 - 0x00007ffde53fa000 	C:\Windows\SYSTEM32\VERSION.dll
0x00007ffdf6df0000 - 0x00007ffdf6e1e000 	C:\Windows\System32\IMM32.DLL
0x00007ffdd0190000 - 0x00007ffdd022b000 	D:\Java\jdk-13.0.2\bin\msvcp140.dll
0x00007ffd9fcd0000 - 0x00007ffda082d000 	D:\Java\jdk-13.0.2\bin\server\jvm.dll
0x00007ffdf6410000 - 0x00007ffdf6418000 	C:\Windows\System32\PSAPI.DLL
0x00007ffdf0e40000 - 0x00007ffdf0e64000 	C:\Windows\SYSTEM32\WINMM.dll
0x00007ffde2de0000 - 0x00007ffde2de9000 	C:\Windows\SYSTEM32\WSOCK32.dll
0x00007ffdf6920000 - 0x00007ffdf698d000 	C:\Windows\System32\WS2_32.dll
0x00007ffdf0ab0000 - 0x00007ffdf0add000 	C:\Windows\SYSTEM32\winmmbase.dll
0x00007ffdf3b90000 - 0x00007ffdf3bda000 	C:\Windows\System32\cfgmgr32.dll
0x00007ffdf32e0000 - 0x00007ffdf32f1000 	C:\Windows\System32\kernel.appcore.dll
0x00007ffdebe80000 - 0x00007ffdebe90000 	D:\Java\jdk-13.0.2\bin\verify.dll
0x00007ffde3d30000 - 0x00007ffde3f1d000 	C:\Windows\SYSTEM32\DBGHELP.DLL
0x00007ffde3b70000 - 0x00007ffde3b9a000 	C:\Windows\SYSTEM32\dbgcore.DLL
0x00007ffdd0db0000 - 0x00007ffdd0dd6000 	D:\Java\jdk-13.0.2\bin\java.dll
0x00007ffddfee0000 - 0x00007ffddfef7000 	D:\Java\jdk-13.0.2\bin\zip.dll
0x00007ffde3f20000 - 0x00007ffde3f2a000 	D:\Java\jdk-13.0.2\bin\jimage.dll

dbghelp: loaded successfully - version: 4.0.5 - missing functions: none
symbol engine: initialized successfully - sym options: 0x614 - pdb path: .;D:\Java\jdk-13.0.2\bin;C:\Windows\SYSTEM32;C:\Windows\WinSxS\amd64_microsoft.windows.common-controls_6595b64144ccf1df_6.0.17763.1158_none_de722d88534a897f;D:\Java\jdk-13.0.2\bin\server

VM Arguments:
jvm_args: -Dfile.encoding=Cp1250 
java_command: swing.ThreeButtonFrame
java_class_path (initial): D:\Eclipse-workspace\Lab5\bin
Launcher Type: SUN_STANDARD

[Global flags]
     intx CICompilerCount                          = 3                                         {product} {ergonomic}
     uint ConcGCThreads                            = 1                                         {product} {ergonomic}
     uint G1ConcRefinementThreads                  = 4                                         {product} {ergonomic}
   size_t G1HeapRegionSize                         = 1048576                                   {product} {ergonomic}
    uintx GCDrainStackTargetSize                   = 64                                        {product} {ergonomic}
   size_t InitialHeapSize                          = 134217728                                 {product} {ergonomic}
   size_t MarkStackSize                            = 4194304                                   {product} {ergonomic}
   size_t MaxHeapSize                              = 2118123520                                {product} {ergonomic}
   size_t MinHeapDeltaBytes                        = 1048576                                   {product} {ergonomic}
   size_t MinHeapSize                              = 8388608                                   {product} {ergonomic}
    uintx NonNMethodCodeHeapSize                   = 5832780                                {pd product} {ergonomic}
    uintx NonProfiledCodeHeapSize                  = 122912730                              {pd product} {ergonomic}
    uintx ProfiledCodeHeapSize                     = 122912730                              {pd product} {ergonomic}
    uintx ReservedCodeCacheSize                    = 251658240                              {pd product} {ergonomic}
     bool SegmentedCodeCache                       = true                                      {product} {ergonomic}
   size_t SoftMaxHeapSize                          = 2118123520                             {manageable} {ergonomic}
     bool UseCompressedClassPointers               = true                                 {lp64_product} {ergonomic}
     bool UseCompressedOops                        = true                                 {lp64_product} {ergonomic}
     bool UseG1GC                                  = true                                      {product} {ergonomic}
     bool UseLargePagesIndividualAllocation        = false                                  {pd product} {ergonomic}

Logging:
Log output configuration:
 #0: stdout all=warning uptime,level,tags
 #1: stderr all=off uptime,level,tags

Environment Variables:
PATH=D:/Java/jdk-13.0.2/bin/server;D:/Java/jdk-13.0.2/bin;C:\Program Files (x86)\Common Files\Oracle\Java\javapath;C:\Windows\system32;C:\Windows;C:\Windows\System32\Wbem;C:\Windows\System32\WindowsPowerShell\v1.0\;C:\Windows\System32\OpenSSH\;C:\Program Files\Git\cmd;C:\Program Files\dotnet\;C:\Program Files\Microsoft SQL Server\130\Tools\Binn\;C:\Program Files\nodejs\;C:\Program Files (x86)\Microsoft SQL Server\150\DTS\Binn\;D:\PuTTY\;D:\Gpg4win\..\GnuPG\bin;C:\ProgramData\chocolatey\bin;C:\Users\matcza5\AppData\Local\Programs\Python\Python38-32\Scripts\;C:\Users\matcza5\AppData\Local\Programs\Python\Python38-32\;C:\Users\matcza5\AppData\Local\Programs\Python\Launcher\;C:\Users\matcza5\AppData\Local\Microsoft\WindowsApps;C:\Program Files\JetBrains\PyCharm Community Edition 2019.3\bin;;C:\Users\matcza5\AppData\Local\Programs\Microsoft VS Code\bin;C:\Users\matcza5\AppData\Roaming\npm;C:\Users\matcza5\AppData\Local\Programs\Python\Python38-32\Lib\site-packages;D:\PostgreSQL\12\bin;C:\Program Files (x86)\Microsoft Visual Studio\2019\BuildTools;C:\Program Files (x86)\Windows Kits\10\bin\10.0.18362.0\x64;;C:\Windows\system32;
USERNAME=matcza5
OS=Windows_NT
PROCESSOR_IDENTIFIER=Intel64 Family 6 Model 42 Stepping 7, GenuineIntel



---------------  S Y S T E M  ---------------

OS: Windows 10 , 64 bit Build 17763 (10.0.17763.1158)

CPU:total 4 (initial active 4) (2 cores per cpu, 2 threads per core) family 6 model 42 stepping 7, cmov, cx8, fxsr, mmx, sse, sse2, sse3, ssse3, sse4.1, sse4.2, popcnt, avx, aes, clmul, ht, tsc, tscinvbit

Memory: 4k page, system-wide physical 8073M (2994M free)
TotalPageFile size 15765M (AvailPageFile size 79M)
current process WorkingSet (physical memory assigned to process): 10M, peak: 10M
current process commit charge ("private bytes"): 52M, peak: 180M

vm_info: Java HotSpot(TM) 64-Bit Server VM (13.0.2+8) for windows-amd64 JRE (13.0.2+8), built on Dec 11 2019 09:20:33 by "mach5one" with unknown MS VC++:1916

END.
